<?xml version="1.0" encoding="utf-8"?>
<coverage line-rate="0.754" branch-rate="0.6325" version="1.9" timestamp="1778469665" lines-covered="886" lines-valid="1175" branches-covered="389" branches-valid="615">
  <sources>
    <source>/mnt/h/dev/Project Codec/Codec/packages/dotnet/src/Codec.Net/</source>
  </sources>
  <packages>
    <package name="Codec.Net" line-rate="0.754" branch-rate="0.6325" complexity="718">
      <classes>
        <class name="Codec.BPETokenizer" filename="BPETokenizer.cs" line-rate="0.843" branch-rate="0.8125" complexity="98">
          <methods>
            <method name="get_Id" signature="()" line-rate="0" branch-rate="1" complexity="1">
              <lines>
                <line number="24" hits="0" branch="False" />
              </lines>
            </method>
            <method name="IsDelimiterShape" signature="(System.String)" line-rate="0.8332999999999999" branch-rate="0.6666" complexity="6">
              <lines>
                <line number="52" hits="303328" branch="False" />
                <line number="53" hits="401152" branch="True" condition-coverage="100% (2/2)">
                  <conditions>
                    <condition number="15" type="jump" coverage="100%" />
                  </conditions>
                </line>
                <line number="54" hits="205504" branch="True" condition-coverage="50% (2/4)">
                  <conditions>
                    <condition number="33" type="jump" coverage="50%" />
                    <condition number="55" type="jump" coverage="50%" />
                  </conditions>
                </line>
                <line number="55" hits="411008" branch="False" />
                <line number="56" hits="0" branch="False" />
                <line number="57" hits="303328" branch="False" />
              </lines>
            </method>
            <method name="Supports" signature="(Codec.TokenizerMap)" line-rate="1" branch-rate="0.9" complexity="10">
              <lines>
                <line number="61" hits="7" branch="True" condition-coverage="90% (9/10)">
                  <conditions>
                    <condition number="8" type="jump" coverage="100%" />
                    <condition number="17" type="jump" coverage="100%" />
                    <condition number="27" type="jump" coverage="100%" />
                    <condition number="36" type="jump" coverage="100%" />
                    <condition number="54" type="jump" coverage="50%" />
                  </conditions>
                </line>
                <line number="62" hits="7" branch="False" />
                <line number="63" hits="7" branch="False" />
              </lines>
            </method>
            <method name="Encode" signature="(System.String)" line-rate="1" branch-rate="0.9" complexity="10">
              <lines>
                <line number="121" hits="13" branch="False" />
                <line number="122" hits="13" branch="True" condition-coverage="50% (1/2)">
                  <conditions>
                    <condition number="9" type="jump" coverage="50%" />
                  </conditions>
                </line>
                <line number="124" hits="13" branch="True" condition-coverage="100% (2/2)">
                  <conditions>
                    <condition number="36" type="jump" coverage="100%" />
                  </conditions>
                </line>
                <line number="125" hits="10" branch="False" />
                <line number="126" hits="10" branch="False" />
                <line number="127" hits="10" branch="False" />
                <line number="128" hits="48" branch="True" condition-coverage="100% (2/2)">
                  <conditions>
                    <condition number="199" type="jump" coverage="100%" />
                  </conditions>
                </line>
                <line number="129" hits="9" branch="False" />
                <line number="130" hits="15" branch="True" condition-coverage="100% (2/2)">
                  <conditions>
                    <condition number="104" type="jump" coverage="100%" />
                  </conditions>
                </line>
                <line number="131" hits="9" branch="False" />
                <line number="132" hits="9" branch="False" />
                <line number="133" hits="9" branch="False" />
                <line number="134" hits="18" branch="True" condition-coverage="100% (2/2)">
                  <conditions>
                    <condition number="239" type="jump" coverage="100%" />
                  </conditions>
                </line>
                <line number="135" hits="10" branch="False" />
                <line number="138" hits="3" branch="False" />
                <line number="139" hits="3" branch="False" />
                <line number="140" hits="3" branch="False" />
                <line number="141" hits="13" branch="False" />
              </lines>
            </method>
            <method name="EncodeChunk" signature="(System.String,System.Collections.Generic.List`1&lt;System.Int32&gt;)" line-rate="1" branch-rate="1" complexity="6">
              <lines>
                <line number="144" hits="17" branch="False" />
                <line number="145" hits="17" branch="True" condition-coverage="100% (2/2)">
                  <conditions>
                    <condition number="9" type="jump" coverage="100%" />
                  </conditions>
                </line>
                <line number="146" hits="17" branch="False" />
                <line number="147" hits="189" branch="True" condition-coverage="100% (2/2)">
                  <conditions>
                    <condition number="136" type="jump" coverage="100%" />
                  </conditions>
                </line>
                <line number="148" hits="69" branch="False" />
                <line number="149" hits="69" branch="True" condition-coverage="100% (2/2)">
                  <conditions>
                    <condition number="61" type="jump" coverage="100%" />
                  </conditions>
                </line>
                <line number="150" hits="11" branch="False" />
                <line number="151" hits="11" branch="False" />
                <line number="152" hits="11" branch="False" />
                <line number="154" hits="58" branch="False" />
                <line number="155" hits="58" branch="False" />
                <line number="156" hits="58" branch="False" />
                <line number="157" hits="58" branch="False" />
                <line number="158" hits="58" branch="False" />
                <line number="159" hits="58" branch="False" />
                <line number="160" hits="17" branch="False" />
              </lines>
            </method>
            <method name="PreTokenize" signature="(System.String)" line-rate="0.4705" branch-rate="0.5" complexity="10">
              <lines>
                <line number="165" hits="17" branch="False" />
                <line number="166" hits="17" branch="True" condition-coverage="50% (1/2)">
                  <conditions>
                    <condition number="19" type="jump" coverage="50%" />
                  </conditions>
                </line>
                <line number="167" hits="17" branch="False" />
                <line number="168" hits="17" branch="False" />
                <line number="169" hits="189" branch="True" condition-coverage="100% (2/2)">
                  <conditions>
                    <condition number="103" type="jump" coverage="100%" />
                  </conditions>
                </line>
                <line number="170" hits="138" branch="True" condition-coverage="100% (2/2)">
                  <conditions>
                    <condition number="79" type="jump" coverage="100%" />
                  </conditions>
                </line>
                <line number="171" hits="17" branch="False" />
                <line number="175" hits="0" branch="False" />
                <line number="176" hits="0" branch="False" />
                <line number="177" hits="0" branch="False" />
                <line number="178" hits="0" branch="True" condition-coverage="0% (0/2)">
                  <conditions>
                    <condition number="277" type="jump" coverage="0%" />
                  </conditions>
                </line>
                <line number="179" hits="0" branch="False" />
                <line number="180" hits="0" branch="True" condition-coverage="0% (0/2)">
                  <conditions>
                    <condition number="246" type="jump" coverage="0%" />
                  </conditions>
                </line>
                <line number="181" hits="0" branch="False" />
                <line number="182" hits="0" branch="False" />
                <line number="183" hits="0" branch="False" />
                <line number="184" hits="17" branch="False" />
              </lines>
            </method>
            <method name="EncodePieceToVocabSpace" signature="(System.String)" line-rate="0.875" branch-rate="0.5" complexity="2">
              <lines>
                <line number="189" hits="58" branch="False" />
                <line number="190" hits="58" branch="True" condition-coverage="50% (1/2)">
                  <conditions>
                    <condition number="19" type="jump" coverage="50%" />
                  </conditions>
                </line>
                <line number="191" hits="58" branch="False" />
                <line number="192" hits="58" branch="False" />
                <line number="193" hits="58" branch="False" />
                <line number="194" hits="58" branch="False" />
                <line number="196" hits="0" branch="False" />
                <line number="197" hits="58" branch="False" />
              </lines>
            </method>
            <method name="Codepoints" signature="(System.String)" line-rate="1" branch-rate="1" complexity="2">
              <lines>
                <line number="200" hits="58" branch="False" />
                <line number="201" hits="58" branch="False" />
                <line number="202" hits="58" branch="False" />
                <line number="203" hits="311" branch="True" condition-coverage="100% (2/2)">
                  <conditions>
                    <condition number="48" type="jump" coverage="100%" />
                  </conditions>
                </line>
                <line number="204" hits="253" branch="False" />
                <line number="205" hits="58" branch="False" />
                <line number="206" hits="58" branch="False" />
              </lines>
            </method>
            <method name="ApplyBPE" signature="(System.Collections.Generic.List`1&lt;System.String&gt;)" line-rate="1" branch-rate="1" complexity="18">
              <lines>
                <line number="211" hits="58" branch="False" />
                <line number="212" hits="69" branch="True" condition-coverage="100% (2/2)">
                  <conditions>
                    <condition number="12" type="jump" coverage="100%" />
                  </conditions>
                </line>
                <line number="214" hits="47" branch="False" />
                <line number="215" hits="226" branch="False" />
                <line number="216" hits="226" branch="False" />
                <line number="217" hits="226" branch="False" />
                <line number="218" hits="226" branch="False" />
                <line number="219" hits="1900" branch="True" condition-coverage="100% (2/2)">
                  <conditions>
                    <condition number="143" type="jump" coverage="100%" />
                  </conditions>
                </line>
                <line number="220" hits="724" branch="False" />
                <line number="221" hits="724" branch="False" />
                <line number="222" hits="724" branch="True" condition-coverage="100% (4/4)">
                  <conditions>
                    <condition number="94" type="jump" coverage="100%" />
                    <condition number="109" type="jump" coverage="100%" />
                  </conditions>
                </line>
                <line number="223" hits="282" branch="False" />
                <line number="224" hits="282" branch="False" />
                <line number="225" hits="282" branch="False" />
                <line number="226" hits="282" branch="False" />
                <line number="227" hits="724" branch="False" />
                <line number="228" hits="273" branch="True" condition-coverage="100% (2/2)">
                  <conditions>
                    <condition number="153" type="jump" coverage="100%" />
                  </conditions>
                </line>
                <line number="231" hits="179" branch="False" />
                <line number="232" hits="179" branch="False" />
                <line number="233" hits="179" branch="False" />
                <line number="234" hits="179" branch="False" />
                <line number="235" hits="179" branch="False" />
                <line number="236" hits="887" branch="True" condition-coverage="100% (2/2)">
                  <conditions>
                    <condition number="324" type="jump" coverage="100%" />
                  </conditions>
                </line>
                <line number="237" hits="708" branch="False" />
                <line number="238" hits="708" branch="True" condition-coverage="100% (6/6)">
                  <conditions>
                    <condition number="220" type="jump" coverage="100%" />
                    <condition number="237" type="jump" coverage="100%" />
                    <condition number="263" type="jump" coverage="100%" />
                  </conditions>
                </line>
                <line number="239" hits="183" branch="False" />
                <line number="240" hits="183" branch="False" />
                <line number="241" hits="183" branch="False" />
                <line number="242" hits="183" branch="False" />
                <line number="244" hits="525" branch="False" />
                <line number="245" hits="525" branch="False" />
                <line number="246" hits="525" branch="False" />
                <line number="247" hits="525" branch="False" />
                <line number="248" hits="708" branch="False" />
                <line number="249" hits="179" branch="False" />
                <line number="250" hits="179" branch="False" />
                <line number="251" hits="47" branch="False" />
                <line number="252" hits="58" branch="False" />
              </lines>
            </method>
            <method name="Lookup" signature="(System.Collections.Generic.List`1&lt;System.String&gt;)" line-rate="0.625" branch-rate="0.375" complexity="8">
              <lines>
                <line number="257" hits="58" branch="False" />
                <line number="258" hits="58" branch="False" />
                <line number="259" hits="314" branch="True" condition-coverage="100% (2/2)">
                  <conditions>
                    <condition number="147" type="jump" coverage="100%" />
                  </conditions>
                </line>
                <line number="260" hits="70" branch="False" />
                <line number="261" hits="70" branch="True" condition-coverage="50% (1/2)">
                  <conditions>
                    <condition number="50" type="jump" coverage="50%" />
                  </conditions>
                </line>
                <line number="262" hits="70" branch="False" />
                <line number="263" hits="70" branch="False" />
                <line number="264" hits="70" branch="False" />
                <line number="266" hits="0" branch="True" condition-coverage="0% (0/2)">
                  <conditions>
                    <condition number="79" type="jump" coverage="0%" />
                  </conditions>
                </line>
                <line number="267" hits="0" branch="False" />
                <line number="268" hits="0" branch="True" condition-coverage="0% (0/2)">
                  <conditions>
                    <condition number="136" type="jump" coverage="0%" />
                  </conditions>
                </line>
                <line number="269" hits="0" branch="False" />
                <line number="270" hits="0" branch="False" />
                <line number="272" hits="0" branch="False" />
                <line number="273" hits="58" branch="False" />
                <line number="274" hits="58" branch="False" />
              </lines>
            </method>
            <method name=".ctor" signature="(Codec.TokenizerMap)" line-rate="0.8048000000000001" branch-rate="0.875" complexity="24">
              <lines>
                <line number="30" hits="5" branch="False" />
                <line number="65" hits="5" branch="False" />
                <line number="66" hits="5" branch="False" />
                <line number="67" hits="5" branch="True" condition-coverage="50% (1/2)">
                  <conditions>
                    <condition number="30" type="jump" coverage="50%" />
                  </conditions>
                </line>
                <line number="68" hits="0" branch="False" />
                <line number="69" hits="0" branch="False" />
                <line number="70" hits="0" branch="False" />
                <line number="71" hits="0" branch="False" />
                <line number="72" hits="0" branch="False" />
                <line number="74" hits="5" branch="False" />
                <line number="75" hits="5" branch="False" />
                <line number="76" hits="5" branch="False" />
                <line number="77" hits="5" branch="False" />
                <line number="78" hits="5" branch="False" />
                <line number="80" hits="5" branch="False" />
                <line number="81" hits="910131" branch="True" condition-coverage="100% (2/2)">
                  <conditions>
                    <condition number="204" type="jump" coverage="100%" />
                  </conditions>
                </line>
                <line number="83" hits="5" branch="False" />
                <line number="84" hits="908392" branch="True" condition-coverage="100% (2/2)">
                  <conditions>
                    <condition number="287" type="jump" coverage="100%" />
                  </conditions>
                </line>
                <line number="86" hits="5" branch="True" condition-coverage="100% (2/2)">
                  <conditions>
                    <condition number="309" type="jump" coverage="100%" />
                  </conditions>
                </line>
                <line number="87" hits="5" branch="False" />
                <line number="88" hits="5" branch="True" condition-coverage="50% (1/2)">
                  <conditions>
                    <condition number="327" type="jump" coverage="50%" />
                  </conditions>
                </line>
                <line number="89" hits="0" branch="False" />
                <line number="90" hits="0" branch="False" />
                <line number="91" hits="0" branch="False" />
                <line number="94" hits="5" branch="False" />
                <line number="95" hits="5" branch="False" />
                <line number="103" hits="5" branch="False" />
                <line number="104" hits="5" branch="True" condition-coverage="100% (4/4)">
                  <conditions>
                    <condition number="399" type="jump" coverage="100%" />
                    <condition number="417" type="jump" coverage="100%" />
                  </conditions>
                </line>
                <line number="105" hits="138" branch="True" condition-coverage="100% (2/2)">
                  <conditions>
                    <condition number="482" type="jump" coverage="100%" />
                  </conditions>
                </line>
                <line number="106" hits="606759" branch="True" condition-coverage="100% (2/2)">
                  <conditions>
                    <condition number="605" type="jump" coverage="100%" />
                  </conditions>
                </line>
                <line number="107" hits="303372" branch="False" />
                <line number="108" hits="303416" branch="True" condition-coverage="100% (2/2)">
                  <conditions>
                    <condition number="564" type="jump" coverage="100%" />
                  </conditions>
                </line>
                <line number="109" hits="303328" branch="True" condition-coverage="50% (1/2)">
                  <conditions>
                    <condition number="579" type="jump" coverage="50%" />
                  </conditions>
                </line>
                <line number="110" hits="303328" branch="False" />
                <line number="111" hits="5" branch="True" condition-coverage="100% (2/2)">
                  <conditions>
                    <condition number="642" type="jump" coverage="100%" />
                  </conditions>
                </line>
                <line number="112" hits="2" branch="False" />
                <line number="113" hits="46" branch="False" />
                <line number="114" hits="2" branch="False" />
                <line number="115" hits="2" branch="False" />
                <line number="116" hits="2" branch="False" />
                <line number="117" hits="5" branch="False" />
              </lines>
            </method>
            <method name=".cctor" signature="()" line-rate="0" branch-rate="1" complexity="1">
              <lines>
                <line number="43" hits="0" branch="False" />
              </lines>
            </method>
          </methods>
          <lines>
            <line number="24" hits="0" branch="False" />
            <line number="52" hits="303328" branch="False" />
            <line number="53" hits="401152" branch="True" condition-coverage="100% (2/2)">
              <conditions>
                <condition number="15" type="jump" coverage="100%" />
              </conditions>
            </line>
            <line number="54" hits="205504" branch="True" condition-coverage="50% (2/4)">
              <conditions>
                <condition number="33" type="jump" coverage="50%" />
                <condition number="55" type="jump" coverage="50%" />
              </conditions>
            </line>
            <line number="55" hits="411008" branch="False" />
            <line number="56" hits="0" branch="False" />
            <line number="57" hits="303328" branch="False" />
            <line number="61" hits="7" branch="True" condition-coverage="90% (9/10)">
              <conditions>
                <condition number="8" type="jump" coverage="100%" />
                <condition number="17" type="jump" coverage="100%" />
                <condition number="27" type="jump" coverage="100%" />
                <condition number="36" type="jump" coverage="100%" />
                <condition number="54" type="jump" coverage="50%" />
              </conditions>
            </line>
            <line number="62" hits="7" branch="False" />
            <line number="63" hits="7" branch="False" />
            <line number="121" hits="13" branch="False" />
            <line number="122" hits="13" branch="True" condition-coverage="50% (1/2)">
              <conditions>
                <condition number="9" type="jump" coverage="50%" />
              </conditions>
            </line>
            <line number="124" hits="13" branch="True" condition-coverage="100% (2/2)">
              <conditions>
                <condition number="36" type="jump" coverage="100%" />
              </conditions>
            </line>
            <line number="125" hits="10" branch="False" />
            <line number="126" hits="10" branch="False" />
            <line number="127" hits="10" branch="False" />
            <line number="128" hits="48" branch="True" condition-coverage="100% (2/2)">
              <conditions>
                <condition number="199" type="jump" coverage="100%" />
              </conditions>
            </line>
            <line number="129" hits="9" branch="False" />
            <line number="130" hits="15" branch="True" condition-coverage="100% (2/2)">
              <conditions>
                <condition number="104" type="jump" coverage="100%" />
              </conditions>
            </line>
            <line number="131" hits="9" branch="False" />
            <line number="132" hits="9" branch="False" />
            <line number="133" hits="9" branch="False" />
            <line number="134" hits="18" branch="True" condition-coverage="100% (2/2)">
              <conditions>
                <condition number="239" type="jump" coverage="100%" />
              </conditions>
            </line>
            <line number="135" hits="10" branch="False" />
            <line number="138" hits="3" branch="False" />
            <line number="139" hits="3" branch="False" />
            <line number="140" hits="3" branch="False" />
            <line number="141" hits="13" branch="False" />
            <line number="144" hits="17" branch="False" />
            <line number="145" hits="17" branch="True" condition-coverage="100% (2/2)">
              <conditions>
                <condition number="9" type="jump" coverage="100%" />
              </conditions>
            </line>
            <line number="146" hits="17" branch="False" />
            <line number="147" hits="189" branch="True" condition-coverage="100% (2/2)">
              <conditions>
                <condition number="136" type="jump" coverage="100%" />
              </conditions>
            </line>
            <line number="148" hits="69" branch="False" />
            <line number="149" hits="69" branch="True" condition-coverage="100% (2/2)">
              <conditions>
                <condition number="61" type="jump" coverage="100%" />
              </conditions>
            </line>
            <line number="150" hits="11" branch="False" />
            <line number="151" hits="11" branch="False" />
            <line number="152" hits="11" branch="False" />
            <line number="154" hits="58" branch="False" />
            <line number="155" hits="58" branch="False" />
            <line number="156" hits="58" branch="False" />
            <line number="157" hits="58" branch="False" />
            <line number="158" hits="58" branch="False" />
            <line number="159" hits="58" branch="False" />
            <line number="160" hits="17" branch="False" />
            <line number="165" hits="17" branch="False" />
            <line number="166" hits="17" branch="True" condition-coverage="50% (1/2)">
              <conditions>
                <condition number="19" type="jump" coverage="50%" />
              </conditions>
            </line>
            <line number="167" hits="17" branch="False" />
            <line number="168" hits="17" branch="False" />
            <line number="169" hits="189" branch="True" condition-coverage="100% (2/2)">
              <conditions>
                <condition number="103" type="jump" coverage="100%" />
              </conditions>
            </line>
            <line number="170" hits="138" branch="True" condition-coverage="100% (2/2)">
              <conditions>
                <condition number="79" type="jump" coverage="100%" />
              </conditions>
            </line>
            <line number="171" hits="17" branch="False" />
            <line number="175" hits="0" branch="False" />
            <line number="176" hits="0" branch="False" />
            <line number="177" hits="0" branch="False" />
            <line number="178" hits="0" branch="True" condition-coverage="0% (0/2)">
              <conditions>
                <condition number="277" type="jump" coverage="0%" />
              </conditions>
            </line>
            <line number="179" hits="0" branch="False" />
            <line number="180" hits="0" branch="True" condition-coverage="0% (0/2)">
              <conditions>
                <condition number="246" type="jump" coverage="0%" />
              </conditions>
            </line>
            <line number="181" hits="0" branch="False" />
            <line number="182" hits="0" branch="False" />
            <line number="183" hits="0" branch="False" />
            <line number="184" hits="17" branch="False" />
            <line number="189" hits="58" branch="False" />
            <line number="190" hits="58" branch="True" condition-coverage="50% (1/2)">
              <conditions>
                <condition number="19" type="jump" coverage="50%" />
              </conditions>
            </line>
            <line number="191" hits="58" branch="False" />
            <line number="192" hits="58" branch="False" />
            <line number="193" hits="58" branch="False" />
            <line number="194" hits="58" branch="False" />
            <line number="196" hits="0" branch="False" />
            <line number="197" hits="58" branch="False" />
            <line number="200" hits="58" branch="False" />
            <line number="201" hits="58" branch="False" />
            <line number="202" hits="58" branch="False" />
            <line number="203" hits="311" branch="True" condition-coverage="100% (2/2)">
              <conditions>
                <condition number="48" type="jump" coverage="100%" />
              </conditions>
            </line>
            <line number="204" hits="253" branch="False" />
            <line number="205" hits="58" branch="False" />
            <line number="206" hits="58" branch="False" />
            <line number="211" hits="58" branch="False" />
            <line number="212" hits="69" branch="True" condition-coverage="100% (2/2)">
              <conditions>
                <condition number="12" type="jump" coverage="100%" />
              </conditions>
            </line>
            <line number="214" hits="47" branch="False" />
            <line number="215" hits="226" branch="False" />
            <line number="216" hits="226" branch="False" />
            <line number="217" hits="226" branch="False" />
            <line number="218" hits="226" branch="False" />
            <line number="219" hits="1900" branch="True" condition-coverage="100% (2/2)">
              <conditions>
                <condition number="143" type="jump" coverage="100%" />
              </conditions>
            </line>
            <line number="220" hits="724" branch="False" />
            <line number="221" hits="724" branch="False" />
            <line number="222" hits="724" branch="True" condition-coverage="100% (4/4)">
              <conditions>
                <condition number="94" type="jump" coverage="100%" />
                <condition number="109" type="jump" coverage="100%" />
              </conditions>
            </line>
            <line number="223" hits="282" branch="False" />
            <line number="224" hits="282" branch="False" />
            <line number="225" hits="282" branch="False" />
            <line number="226" hits="282" branch="False" />
            <line number="227" hits="724" branch="False" />
            <line number="228" hits="273" branch="True" condition-coverage="100% (2/2)">
              <conditions>
                <condition number="153" type="jump" coverage="100%" />
              </conditions>
            </line>
            <line number="231" hits="179" branch="False" />
            <line number="232" hits="179" branch="False" />
            <line number="233" hits="179" branch="False" />
            <line number="234" hits="179" branch="False" />
            <line number="235" hits="179" branch="False" />
            <line number="236" hits="887" branch="True" condition-coverage="100% (2/2)">
              <conditions>
                <condition number="324" type="jump" coverage="100%" />
              </conditions>
            </line>
            <line number="237" hits="708" branch="False" />
            <line number="238" hits="708" branch="True" condition-coverage="100% (6/6)">
              <conditions>
                <condition number="220" type="jump" coverage="100%" />
                <condition number="237" type="jump" coverage="100%" />
                <condition number="263" type="jump" coverage="100%" />
              </conditions>
            </line>
            <line number="239" hits="183" branch="False" />
            <line number="240" hits="183" branch="False" />
            <line number="241" hits="183" branch="False" />
            <line number="242" hits="183" branch="False" />
            <line number="244" hits="525" branch="False" />
            <line number="245" hits="525" branch="False" />
            <line number="246" hits="525" branch="False" />
            <line number="247" hits="525" branch="False" />
            <line number="248" hits="708" branch="False" />
            <line number="249" hits="179" branch="False" />
            <line number="250" hits="179" branch="False" />
            <line number="251" hits="47" branch="False" />
            <line number="252" hits="58" branch="False" />
            <line number="257" hits="58" branch="False" />
            <line number="258" hits="58" branch="False" />
            <line number="259" hits="314" branch="True" condition-coverage="100% (2/2)">
              <conditions>
                <condition number="147" type="jump" coverage="100%" />
              </conditions>
            </line>
            <line number="260" hits="70" branch="False" />
            <line number="261" hits="70" branch="True" condition-coverage="50% (1/2)">
              <conditions>
                <condition number="50" type="jump" coverage="50%" />
              </conditions>
            </line>
            <line number="262" hits="70" branch="False" />
            <line number="263" hits="70" branch="False" />
            <line number="264" hits="70" branch="False" />
            <line number="266" hits="0" branch="True" condition-coverage="0% (0/2)">
              <conditions>
                <condition number="79" type="jump" coverage="0%" />
              </conditions>
            </line>
            <line number="267" hits="0" branch="False" />
            <line number="268" hits="0" branch="True" condition-coverage="0% (0/2)">
              <conditions>
                <condition number="136" type="jump" coverage="0%" />
              </conditions>
            </line>
            <line number="269" hits="0" branch="False" />
            <line number="270" hits="0" branch="False" />
            <line number="272" hits="0" branch="False" />
            <line number="273" hits="58" branch="False" />
            <line number="274" hits="58" branch="False" />
            <line number="30" hits="5" branch="False" />
            <line number="65" hits="5" branch="False" />
            <line number="66" hits="5" branch="False" />
            <line number="67" hits="5" branch="True" condition-coverage="50% (1/2)">
              <conditions>
                <condition number="30" type="jump" coverage="50%" />
              </conditions>
            </line>
            <line number="68" hits="0" branch="False" />
            <line number="69" hits="0" branch="False" />
            <line number="70" hits="0" branch="False" />
            <line number="71" hits="0" branch="False" />
            <line number="72" hits="0" branch="False" />
            <line number="74" hits="5" branch="False" />
            <line number="75" hits="5" branch="False" />
            <line number="76" hits="5" branch="False" />
            <line number="77" hits="5" branch="False" />
            <line number="78" hits="5" branch="False" />
            <line number="80" hits="5" branch="False" />
            <line number="81" hits="910131" branch="True" condition-coverage="100% (2/2)">
              <conditions>
                <condition number="204" type="jump" coverage="100%" />
              </conditions>
            </line>
            <line number="83" hits="5" branch="False" />
            <line number="84" hits="908392" branch="True" condition-coverage="100% (2/2)">
              <conditions>
                <condition number="287" type="jump" coverage="100%" />
              </conditions>
            </line>
            <line number="86" hits="5" branch="True" condition-coverage="100% (2/2)">
              <conditions>
                <condition number="309" type="jump" coverage="100%" />
              </conditions>
            </line>
            <line number="87" hits="5" branch="False" />
            <line number="88" hits="5" branch="True" condition-coverage="50% (1/2)">
              <conditions>
                <condition number="327" type="jump" coverage="50%" />
              </conditions>
            </line>
            <line number="89" hits="0" branch="False" />
            <line number="90" hits="0" branch="False" />
            <line number="91" hits="0" branch="False" />
            <line number="94" hits="5" branch="False" />
            <line number="95" hits="5" branch="False" />
            <line number="103" hits="5" branch="False" />
            <line number="104" hits="5" branch="True" condition-coverage="100% (4/4)">
              <conditions>
                <condition number="399" type="jump" coverage="100%" />
                <condition number="417" type="jump" coverage="100%" />
              </conditions>
            </line>
            <line number="105" hits="138" branch="True" condition-coverage="100% (2/2)">
              <conditions>
                <condition number="482" type="jump" coverage="100%" />
              </conditions>
            </line>
            <line number="106" hits="606759" branch="True" condition-coverage="100% (2/2)">
              <conditions>
                <condition number="605" type="jump" coverage="100%" />
              </conditions>
            </line>
            <line number="107" hits="303372" branch="False" />
            <line number="108" hits="303416" branch="True" condition-coverage="100% (2/2)">
              <conditions>
                <condition number="564" type="jump" coverage="100%" />
              </conditions>
            </line>
            <line number="109" hits="303328" branch="True" condition-coverage="50% (1/2)">
              <conditions>
                <condition number="579" type="jump" coverage="50%" />
              </conditions>
            </line>
            <line number="110" hits="303328" branch="False" />
            <line number="111" hits="5" branch="True" condition-coverage="100% (2/2)">
              <conditions>
                <condition number="642" type="jump" coverage="100%" />
              </conditions>
            </line>
            <line number="112" hits="2" branch="False" />
            <line number="113" hits="46" branch="False" />
            <line number="114" hits="2" branch="False" />
            <line number="115" hits="2" branch="False" />
            <line number="116" hits="2" branch="False" />
            <line number="117" hits="5" branch="False" />
            <line number="43" hits="0" branch="False" />
          </lines>
        </class>
        <class name="Codec.ByteEncoder" filename="ByteEncoder.cs" line-rate="0.8421" branch-rate="0.8332999999999999" complexity="25">
          <methods>
            <method name="ByteToChar" signature="(System.Int32)" line-rate="0" branch-rate="1" complexity="1">
              <lines>
                <line number="48" hits="0" branch="False" />
              </lines>
            </method>
            <method name="CharToByte" signature="(System.Int32)" line-rate="1" branch-rate="0.5" complexity="2">
              <lines>
                <line number="52" hits="976306" branch="True" condition-coverage="50% (1/2)">
                  <conditions>
                    <condition number="13" type="jump" coverage="50%" />
                  </conditions>
                </line>
              </lines>
            </method>
            <method name="DecodeByteLevelToken" signature="(System.String)" line-rate="0.6923" branch-rate="0.625" complexity="8">
              <lines>
                <line number="61" hits="151683" branch="False" />
                <line number="62" hits="151683" branch="False" />
                <line number="63" hits="151683" branch="False" />
                <line number="64" hits="1127989" branch="True" condition-coverage="100% (2/2)">
                  <conditions>
                    <condition number="161" type="jump" coverage="100%" />
                  </conditions>
                </line>
                <line number="65" hits="976306" branch="False" />
                <line number="67" hits="976306" branch="True" condition-coverage="50% (2/4)">
                  <conditions>
                    <condition number="33" type="jump" coverage="50%" />
                    <condition number="53" type="jump" coverage="50%" />
                  </conditions>
                </line>
                <line number="68" hits="0" branch="False" />
                <line number="69" hits="0" branch="False" />
                <line number="70" hits="0" branch="False" />
                <line number="71" hits="0" branch="False" />
                <line number="73" hits="976306" branch="False" />
                <line number="74" hits="976306" branch="False" />
                <line number="75" hits="976306" branch="False" />
                <line number="76" hits="976306" branch="False" />
                <line number="77" hits="976306" branch="False" />
                <line number="78" hits="976306" branch="True" condition-coverage="50% (1/2)">
                  <conditions>
                    <condition number="103" type="jump" coverage="50%" />
                  </conditions>
                </line>
                <line number="79" hits="976306" branch="False" />
                <line number="80" hits="976306" branch="False" />
                <line number="81" hits="976306" branch="False" />
                <line number="83" hits="0" branch="False" />
                <line number="85" hits="0" branch="False" />
                <line number="86" hits="0" branch="False" />
                <line number="87" hits="0" branch="False" />
                <line number="88" hits="976306" branch="False" />
                <line number="89" hits="151683" branch="False" />
                <line number="90" hits="151683" branch="False" />
              </lines>
            </method>
            <method name="EncodeByteLevelChars" signature="(System.ReadOnlySpan`1&lt;System.Byte&gt;)" line-rate="1" branch-rate="1" complexity="2">
              <lines>
                <line number="97" hits="60" branch="False" />
                <line number="98" hits="60" branch="False" />
                <line number="99" hits="945" branch="True" condition-coverage="100% (2/2)">
                  <conditions>
                    <condition number="61" type="jump" coverage="100%" />
                  </conditions>
                </line>
                <line number="100" hits="60" branch="False" />
                <line number="101" hits="60" branch="False" />
              </lines>
            </method>
            <method name=".cctor" signature="()" line-rate="1" branch-rate="1" complexity="12">
              <lines>
                <line number="19" hits="1" branch="False" />
                <line number="22" hits="1" branch="False" />
                <line number="23" hits="284" branch="True" condition-coverage="100% (2/2)">
                  <conditions>
                    <condition number="36" type="jump" coverage="100%" />
                  </conditions>
                </line>
                <line number="24" hits="38" branch="True" condition-coverage="100% (2/2)">
                  <conditions>
                    <condition number="78" type="jump" coverage="100%" />
                  </conditions>
                </line>
                <line number="25" hits="248" branch="True" condition-coverage="100% (2/2)">
                  <conditions>
                    <condition number="120" type="jump" coverage="100%" />
                  </conditions>
                </line>
                <line number="26" hits="1" branch="False" />
                <line number="27" hits="1" branch="False" />
                <line number="28" hits="514" branch="True" condition-coverage="100% (2/2)">
                  <conditions>
                    <condition number="203" type="jump" coverage="100%" />
                  </conditions>
                </line>
                <line number="29" hits="256" branch="False" />
                <line number="30" hits="256" branch="True" condition-coverage="100% (2/2)">
                  <conditions>
                    <condition number="152" type="jump" coverage="100%" />
                  </conditions>
                </line>
                <line number="31" hits="68" branch="False" />
                <line number="32" hits="68" branch="False" />
                <line number="33" hits="68" branch="False" />
                <line number="34" hits="68" branch="False" />
                <line number="35" hits="68" branch="False" />
                <line number="36" hits="256" branch="False" />
                <line number="38" hits="1" branch="False" />
                <line number="39" hits="1" branch="False" />
                <line number="40" hits="514" branch="True" condition-coverage="100% (2/2)">
                  <conditions>
                    <condition number="317" type="jump" coverage="100%" />
                  </conditions>
                </line>
                <line number="41" hits="256" branch="False" />
                <line number="42" hits="256" branch="False" />
                <line number="43" hits="256" branch="False" />
                <line number="44" hits="256" branch="False" />
                <line number="45" hits="1" branch="False" />
              </lines>
            </method>
          </methods>
          <lines>
            <line number="48" hits="0" branch="False" />
            <line number="52" hits="976306" branch="True" condition-coverage="50% (1/2)">
              <conditions>
                <condition number="13" type="jump" coverage="50%" />
              </conditions>
            </line>
            <line number="61" hits="151683" branch="False" />
            <line number="62" hits="151683" branch="False" />
            <line number="63" hits="151683" branch="False" />
            <line number="64" hits="1127989" branch="True" condition-coverage="100% (2/2)">
              <conditions>
                <condition number="161" type="jump" coverage="100%" />
              </conditions>
            </line>
            <line number="65" hits="976306" branch="False" />
            <line number="67" hits="976306" branch="True" condition-coverage="50% (2/4)">
              <conditions>
                <condition number="33" type="jump" coverage="50%" />
                <condition number="53" type="jump" coverage="50%" />
              </conditions>
            </line>
            <line number="68" hits="0" branch="False" />
            <line number="69" hits="0" branch="False" />
            <line number="70" hits="0" branch="False" />
            <line number="71" hits="0" branch="False" />
            <line number="73" hits="976306" branch="False" />
            <line number="74" hits="976306" branch="False" />
            <line number="75" hits="976306" branch="False" />
            <line number="76" hits="976306" branch="False" />
            <line number="77" hits="976306" branch="False" />
            <line number="78" hits="976306" branch="True" condition-coverage="50% (1/2)">
              <conditions>
                <condition number="103" type="jump" coverage="50%" />
              </conditions>
            </line>
            <line number="79" hits="976306" branch="False" />
            <line number="80" hits="976306" branch="False" />
            <line number="81" hits="976306" branch="False" />
            <line number="83" hits="0" branch="False" />
            <line number="85" hits="0" branch="False" />
            <line number="86" hits="0" branch="False" />
            <line number="87" hits="0" branch="False" />
            <line number="88" hits="976306" branch="False" />
            <line number="89" hits="151683" branch="False" />
            <line number="90" hits="151683" branch="False" />
            <line number="97" hits="60" branch="False" />
            <line number="98" hits="60" branch="False" />
            <line number="99" hits="945" branch="True" condition-coverage="100% (2/2)">
              <conditions>
                <condition number="61" type="jump" coverage="100%" />
              </conditions>
            </line>
            <line number="100" hits="60" branch="False" />
            <line number="101" hits="60" branch="False" />
            <line number="19" hits="1" branch="False" />
            <line number="22" hits="1" branch="False" />
            <line number="23" hits="284" branch="True" condition-coverage="100% (2/2)">
              <conditions>
                <condition number="36" type="jump" coverage="100%" />
              </conditions>
            </line>
            <line number="24" hits="38" branch="True" condition-coverage="100% (2/2)">
              <conditions>
                <condition number="78" type="jump" coverage="100%" />
              </conditions>
            </line>
            <line number="25" hits="248" branch="True" condition-coverage="100% (2/2)">
              <conditions>
                <condition number="120" type="jump" coverage="100%" />
              </conditions>
            </line>
            <line number="26" hits="1" branch="False" />
            <line number="27" hits="1" branch="False" />
            <line number="28" hits="514" branch="True" condition-coverage="100% (2/2)">
              <conditions>
                <condition number="203" type="jump" coverage="100%" />
              </conditions>
            </line>
            <line number="29" hits="256" branch="False" />
            <line number="30" hits="256" branch="True" condition-coverage="100% (2/2)">
              <conditions>
                <condition number="152" type="jump" coverage="100%" />
              </conditions>
            </line>
            <line number="31" hits="68" branch="False" />
            <line number="32" hits="68" branch="False" />
            <line number="33" hits="68" branch="False" />
            <line number="34" hits="68" branch="False" />
            <line number="35" hits="68" branch="False" />
            <line number="36" hits="256" branch="False" />
            <line number="38" hits="1" branch="False" />
            <line number="39" hits="1" branch="False" />
            <line number="40" hits="514" branch="True" condition-coverage="100% (2/2)">
              <conditions>
                <condition number="317" type="jump" coverage="100%" />
              </conditions>
            </line>
            <line number="41" hits="256" branch="False" />
            <line number="42" hits="256" branch="False" />
            <line number="43" hits="256" branch="False" />
            <line number="44" hits="256" branch="False" />
            <line number="45" hits="1" branch="False" />
          </lines>
        </class>
        <class name="Codec.CodecFrame" filename="CodecFrame.cs" line-rate="0.75" branch-rate="0" complexity="5">
          <methods>
            <method name="get_Ids" signature="()" line-rate="1" branch-rate="1" complexity="1">
              <lines>
                <line number="12" hits="20" branch="False" />
              </lines>
            </method>
            <method name="get_Done" signature="()" line-rate="1" branch-rate="1" complexity="1">
              <lines>
                <line number="15" hits="15" branch="False" />
              </lines>
            </method>
            <method name="get_FinishReason" signature="()" line-rate="1" branch-rate="1" complexity="1">
              <lines>
                <line number="21" hits="9" branch="False" />
              </lines>
            </method>
            <method name="ToString" signature="()" line-rate="0" branch-rate="0" complexity="2">
              <lines>
                <line number="24" hits="0" branch="True" condition-coverage="0% (0/2)">
                  <conditions>
                    <condition number="96" type="jump" coverage="0%" />
                  </conditions>
                </line>
              </lines>
            </method>
          </methods>
          <lines>
            <line number="12" hits="20" branch="False" />
            <line number="15" hits="15" branch="False" />
            <line number="21" hits="9" branch="False" />
            <line number="24" hits="0" branch="True" condition-coverage="0% (0/2)">
              <conditions>
                <condition number="96" type="jump" coverage="0%" />
              </conditions>
            </line>
          </lines>
        </class>
        <class name="Codec.MemoryMapCache" filename="CodecFrame.cs" line-rate="0" branch-rate="0" complexity="4">
          <methods>
            <method name="GetAsync" signature="(System.String,System.Threading.CancellationToken)" line-rate="0" branch-rate="0" complexity="2">
              <lines>
                <line number="44" hits="0" branch="False" />
                <line number="45" hits="0" branch="True" condition-coverage="0% (0/2)">
                  <conditions>
                    <condition number="33" type="jump" coverage="0%" />
                  </conditions>
                </line>
                <line number="46" hits="0" branch="False" />
              </lines>
            </method>
            <method name="SetAsync" signature="(System.String,Codec.TokenizerMap,System.Threading.CancellationToken)" line-rate="0" branch-rate="1" complexity="1">
              <lines>
                <line number="49" hits="0" branch="False" />
                <line number="50" hits="0" branch="False" />
                <line number="51" hits="0" branch="False" />
                <line number="52" hits="0" branch="False" />
              </lines>
            </method>
            <method name=".ctor" signature="()" line-rate="0" branch-rate="1" complexity="1">
              <lines>
                <line number="40" hits="0" branch="False" />
                <line number="41" hits="0" branch="False" />
              </lines>
            </method>
          </methods>
          <lines>
            <line number="44" hits="0" branch="False" />
            <line number="45" hits="0" branch="True" condition-coverage="0% (0/2)">
              <conditions>
                <condition number="33" type="jump" coverage="0%" />
              </conditions>
            </line>
            <line number="46" hits="0" branch="False" />
            <line number="49" hits="0" branch="False" />
            <line number="50" hits="0" branch="False" />
            <line number="51" hits="0" branch="False" />
            <line number="52" hits="0" branch="False" />
            <line number="40" hits="0" branch="False" />
            <line number="41" hits="0" branch="False" />
          </lines>
        </class>
        <class name="Codec.DetokenizeOptions" filename="Detokenizer.cs" line-rate="1" branch-rate="1" complexity="2">
          <methods>
            <method name="get_Partial" signature="()" line-rate="1" branch-rate="1" complexity="1">
              <lines>
                <line number="14" hits="28" branch="False" />
              </lines>
            </method>
            <method name="get_RenderSpecial" signature="()" line-rate="1" branch-rate="1" complexity="1">
              <lines>
                <line number="17" hits="27" branch="False" />
              </lines>
            </method>
          </methods>
          <lines>
            <line number="14" hits="28" branch="False" />
            <line number="17" hits="27" branch="False" />
          </lines>
        </class>
        <class name="Codec.Detokenizer" filename="Detokenizer.cs" line-rate="0.7190000000000001" branch-rate="0.5326" complexity="95">
          <methods>
            <method name="Render" signature="(System.Collections.Generic.IReadOnlyList`1&lt;System.Int32&gt;,Codec.DetokenizeOptions)" line-rate="0.7878000000000001" branch-rate="0.7333" complexity="30">
              <lines>
                <line number="62" hits="22" branch="False" />
                <line number="63" hits="22" branch="False" />
                <line number="64" hits="22" branch="False" />
                <line number="66" hits="220" branch="True" condition-coverage="100% (2/2)">
                  <conditions>
                    <condition number="381" type="jump" coverage="100%" />
                  </conditions>
                </line>
                <line number="67" hits="77" branch="False" />
                <line number="69" hits="77" branch="True" condition-coverage="100% (4/4)">
                  <conditions>
                    <condition number="43" type="jump" coverage="100%" />
                    <condition number="64" type="jump" coverage="100%" />
                  </conditions>
                </line>
                <line number="70" hits="12" branch="False" />
                <line number="71" hits="12" branch="False" />
                <line number="72" hits="12" branch="False" />
                <line number="73" hits="12" branch="False" />
                <line number="76" hits="65" branch="True" condition-coverage="100% (2/2)">
                  <conditions>
                    <condition number="117" type="jump" coverage="100%" />
                  </conditions>
                </line>
                <line number="77" hits="49" branch="False" />
                <line number="79" hits="49" branch="True" condition-coverage="50% (2/4)">
                  <conditions>
                    <condition number="135" type="jump" coverage="50%" />
                    <condition number="148" type="jump" coverage="50%" />
                  </conditions>
                </line>
                <line number="80" hits="0" branch="False" />
                <line number="81" hits="0" branch="True" condition-coverage="50% (1/2)">
                  <conditions>
                    <condition number="169" type="jump" coverage="50%" />
                  </conditions>
                </line>
                <line number="82" hits="0" branch="False" />
                <line number="84" hits="49" branch="True" condition-coverage="50% (1/2)">
                  <conditions>
                    <condition number="205" type="jump" coverage="50%" />
                  </conditions>
                </line>
                <line number="85" hits="0" branch="False" />
                <line number="86" hits="0" branch="True" condition-coverage="0% (0/2)">
                  <conditions>
                    <condition number="226" type="jump" coverage="0%" />
                  </conditions>
                </line>
                <line number="87" hits="0" branch="False" />
                <line number="88" hits="0" branch="False" />
                <line number="90" hits="49" branch="False" />
                <line number="91" hits="49" branch="False" />
                <line number="92" hits="49" branch="False" />
                <line number="96" hits="16" branch="True" condition-coverage="50% (1/2)">
                  <conditions>
                    <condition number="292" type="jump" coverage="50%" />
                  </conditions>
                </line>
                <line number="97" hits="18" branch="True" condition-coverage="100% (4/4)">
                  <conditions>
                    <condition number="314" type="jump" coverage="100%" />
                    <condition number="327" type="jump" coverage="100%" />
                  </conditions>
                </line>
                <line number="98" hits="14" branch="True" condition-coverage="100% (2/2)">
                  <conditions>
                    <condition number="349" type="jump" coverage="100%" />
                  </conditions>
                </line>
                <line number="99" hits="12" branch="False" />
                <line number="101" hits="2" branch="False" />
                <line number="102" hits="14" branch="False" />
                <line number="104" hits="22" branch="True" condition-coverage="75% (3/4)">
                  <conditions>
                    <condition number="406" type="jump" coverage="100%" />
                    <condition number="429" type="jump" coverage="50%" />
                  </conditions>
                </line>
                <line number="105" hits="22" branch="False" />
                <line number="106" hits="22" branch="False" />
              </lines>
            </method>
            <method name="Reset" signature="()" line-rate="1" branch-rate="1" complexity="1">
              <lines>
                <line number="109" hits="2" branch="False" />
              </lines>
            </method>
            <method name="Detokenize" signature="(Codec.TokenizerMap,System.Collections.Generic.IReadOnlyList`1&lt;System.Int32&gt;,System.Boolean)" line-rate="1" branch-rate="1" complexity="1">
              <lines>
                <line number="116" hits="5" branch="False" />
              </lines>
            </method>
            <method name="FlushAllBytes" signature="(System.Text.StringBuilder)" line-rate="0.619" branch-rate="0.8332999999999999" complexity="6">
              <lines>
                <line number="121" hits="61" branch="False" />
                <line number="122" hits="222" branch="True" condition-coverage="100% (2/2)">
                  <conditions>
                    <condition number="172" type="jump" coverage="100%" />
                  </conditions>
                </line>
                <line number="123" hits="169" branch="False" />
                <line number="124" hits="169" branch="False" />
                <line number="125" hits="169" branch="True" condition-coverage="50% (1/2)">
                  <conditions>
                    <condition number="31" type="jump" coverage="50%" />
                  </conditions>
                </line>
                <line number="126" hits="0" branch="False" />
                <line number="127" hits="0" branch="False" />
                <line number="128" hits="0" branch="False" />
                <line number="129" hits="0" branch="False" />
                <line number="131" hits="177" branch="True" condition-coverage="100% (2/2)">
                  <conditions>
                    <condition number="77" type="jump" coverage="100%" />
                  </conditions>
                </line>
                <line number="132" hits="161" branch="False" />
                <line number="133" hits="161" branch="False" />
                <line number="135" hits="161" branch="False" />
                <line number="136" hits="161" branch="False" />
                <line number="137" hits="161" branch="False" />
                <line number="138" hits="0" branch="False" />
                <line number="139" hits="0" branch="False" />
                <line number="140" hits="0" branch="False" />
                <line number="141" hits="0" branch="False" />
                <line number="142" hits="161" branch="False" />
                <line number="143" hits="61" branch="False" />
              </lines>
            </method>
            <method name="FlushBytesForce" signature="(System.Text.StringBuilder)" line-rate="0" branch-rate="0" complexity="2">
              <lines>
                <line number="146" hits="0" branch="False" />
                <line number="147" hits="0" branch="True" condition-coverage="0% (0/2)">
                  <conditions>
                    <condition number="17" type="jump" coverage="0%" />
                  </conditions>
                </line>
                <line number="148" hits="0" branch="False" />
                <line number="149" hits="0" branch="False" />
                <line number="150" hits="0" branch="False" />
                <line number="151" hits="0" branch="False" />
              </lines>
            </method>
            <method name="Utf8SequenceLength" signature="(System.Byte)" line-rate="1" branch-rate="0.875" complexity="8">
              <lines>
                <line number="154" hits="169" branch="True" condition-coverage="87.5% (7/8)">
                  <conditions>
                    <condition number="7" type="jump" coverage="100%" />
                    <condition number="21" type="jump" coverage="100%" />
                    <condition number="35" type="jump" coverage="100%" />
                    <condition number="49" type="jump" coverage="50%" />
                  </conditions>
                </line>
                <line number="155" hits="169" branch="False" />
                <line number="156" hits="169" branch="False" />
                <line number="157" hits="169" branch="False" />
              </lines>
            </method>
            <method name="BuildByteLevelTable" signature="(Codec.TokenizerMap)" line-rate="1" branch-rate="0.6666" complexity="6">
              <lines>
                <line number="163" hits="2" branch="False" />
                <line number="164" hits="2" branch="True" condition-coverage="50% (1/2)">
                  <conditions>
                    <condition number="8" type="jump" coverage="50%" />
                  </conditions>
                </line>
                <line number="165" hits="2" branch="True" condition-coverage="50% (1/2)">
                  <conditions>
                    <condition number="36" type="jump" coverage="50%" />
                  </conditions>
                </line>
                <line number="166" hits="303372" branch="True" condition-coverage="100% (2/2)">
                  <conditions>
                    <condition number="109" type="jump" coverage="100%" />
                  </conditions>
                </line>
                <line number="167" hits="151683" branch="False" />
                <line number="168" hits="2" branch="False" />
                <line number="169" hits="2" branch="False" />
              </lines>
            </method>
            <method name="BuildTextTable" signature="(Codec.TokenizerMap)" line-rate="0.6363" branch-rate="0.5" complexity="14">
              <lines>
                <line number="172" hits="11" branch="False" />
                <line number="173" hits="11" branch="False" />
                <line number="174" hits="11" branch="False" />
                <line number="176" hits="11" branch="True" condition-coverage="50% (1/2)">
                  <conditions>
                    <condition number="38" type="jump" coverage="50%" />
                  </conditions>
                </line>
                <line number="177" hits="0" branch="False" />
                <line number="178" hits="0" branch="True" condition-coverage="0% (0/2)">
                  <conditions>
                    <condition number="143" type="jump" coverage="0%" />
                  </conditions>
                </line>
                <line number="179" hits="0" branch="False" />
                <line number="182" hits="0" branch="True" condition-coverage="0% (0/2)">
                  <conditions>
                    <condition number="97" type="jump" coverage="0%" />
                  </conditions>
                </line>
                <line number="183" hits="0" branch="True" condition-coverage="0% (0/2)">
                  <conditions>
                    <condition number="102" type="jump" coverage="0%" />
                  </conditions>
                </line>
                <line number="184" hits="0" branch="False" />
                <line number="185" hits="0" branch="False" />
                <line number="186" hits="0" branch="False" />
                <line number="187" hits="11" branch="True" condition-coverage="100% (2/2)">
                  <conditions>
                    <condition number="179" type="jump" coverage="100%" />
                  </conditions>
                </line>
                <line number="188" hits="11" branch="False" />
                <line number="189" hits="253" branch="True" condition-coverage="100% (2/2)">
                  <conditions>
                    <condition number="262" type="jump" coverage="100%" />
                  </conditions>
                </line>
                <line number="190" hits="110" branch="False" />
                <line number="191" hits="110" branch="True" condition-coverage="100% (2/2)">
                  <conditions>
                    <condition number="241" type="jump" coverage="100%" />
                  </conditions>
                </line>
                <line number="192" hits="110" branch="False" />
                <line number="193" hits="110" branch="False" />
                <line number="194" hits="11" branch="False" />
                <line number="195" hits="11" branch="False" />
                <line number="196" hits="11" branch="False" />
              </lines>
            </method>
            <method name="IsByteFallbackToken" signature="(System.String)" line-rate="0" branch-rate="0" complexity="12">
              <lines>
                <line number="199" hits="0" branch="False" />
                <line number="200" hits="0" branch="True" condition-coverage="0% (0/10)">
                  <conditions>
                    <condition number="8" type="jump" coverage="0%" />
                    <condition number="19" type="jump" coverage="0%" />
                    <condition number="30" type="jump" coverage="0%" />
                    <condition number="41" type="jump" coverage="0%" />
                    <condition number="62" type="jump" coverage="0%" />
                  </conditions>
                </line>
                <line number="201" hits="0" branch="True" condition-coverage="0% (0/2)">
                  <conditions>
                    <condition number="80" type="jump" coverage="0%" />
                  </conditions>
                </line>
                <line number="203" hits="0" branch="False" />
              </lines>
            </method>
            <method name="&lt;IsByteFallbackToken&gt;g__IsHex|17_0" signature="(System.Char)" line-rate="0" branch-rate="0" complexity="10">
              <lines>
                <line number="202" hits="0" branch="True" condition-coverage="0% (0/10)">
                  <conditions>
                    <condition number="3" type="jump" coverage="0%" />
                    <condition number="8" type="jump" coverage="0%" />
                    <condition number="13" type="jump" coverage="0%" />
                    <condition number="18" type="jump" coverage="0%" />
                    <condition number="23" type="jump" coverage="0%" />
                  </conditions>
                </line>
              </lines>
            </method>
            <method name=".ctor" signature="(Codec.TokenizerMap)" line-rate="1" branch-rate="1" complexity="4">
              <lines>
                <line number="37" hits="13" branch="False" />
                <line number="39" hits="13" branch="False" />
                <line number="40" hits="13" branch="False" />
                <line number="41" hits="13" branch="False" />
                <line number="42" hits="13" branch="True" condition-coverage="100% (2/2)">
                  <conditions>
                    <condition number="33" type="jump" coverage="100%" />
                  </conditions>
                </line>
                <line number="43" hits="13" branch="False" />
                <line number="44" hits="13" branch="False" />
                <line number="45" hits="13" branch="False" />
                <line number="46" hits="13" branch="False" />
                <line number="48" hits="13" branch="True" condition-coverage="100% (2/2)">
                  <conditions>
                    <condition number="124" type="jump" coverage="100%" />
                  </conditions>
                </line>
                <line number="49" hits="2" branch="False" />
                <line number="50" hits="2" branch="False" />
                <line number="51" hits="2" branch="False" />
                <line number="52" hits="2" branch="False" />
                <line number="54" hits="11" branch="False" />
                <line number="55" hits="11" branch="False" />
                <line number="56" hits="11" branch="False" />
                <line number="57" hits="11" branch="False" />
                <line number="58" hits="13" branch="False" />
              </lines>
            </method>
            <method name=".cctor" signature="()" line-rate="1" branch-rate="1" complexity="1">
              <lines>
                <line number="159" hits="1" branch="False" />
                <line number="160" hits="1" branch="False" />
              </lines>
            </method>
          </methods>
          <lines>
            <line number="62" hits="22" branch="False" />
            <line number="63" hits="22" branch="False" />
            <line number="64" hits="22" branch="False" />
            <line number="66" hits="220" branch="True" condition-coverage="100% (2/2)">
              <conditions>
                <condition number="381" type="jump" coverage="100%" />
              </conditions>
            </line>
            <line number="67" hits="77" branch="False" />
            <line number="69" hits="77" branch="True" condition-coverage="100% (4/4)">
              <conditions>
                <condition number="43" type="jump" coverage="100%" />
                <condition number="64" type="jump" coverage="100%" />
              </conditions>
            </line>
            <line number="70" hits="12" branch="False" />
            <line number="71" hits="12" branch="False" />
            <line number="72" hits="12" branch="False" />
            <line number="73" hits="12" branch="False" />
            <line number="76" hits="65" branch="True" condition-coverage="100% (2/2)">
              <conditions>
                <condition number="117" type="jump" coverage="100%" />
              </conditions>
            </line>
            <line number="77" hits="49" branch="False" />
            <line number="79" hits="49" branch="True" condition-coverage="50% (2/4)">
              <conditions>
                <condition number="135" type="jump" coverage="50%" />
                <condition number="148" type="jump" coverage="50%" />
              </conditions>
            </line>
            <line number="80" hits="0" branch="False" />
            <line number="81" hits="0" branch="True" condition-coverage="50% (1/2)">
              <conditions>
                <condition number="169" type="jump" coverage="50%" />
              </conditions>
            </line>
            <line number="82" hits="0" branch="False" />
            <line number="84" hits="49" branch="True" condition-coverage="50% (1/2)">
              <conditions>
                <condition number="205" type="jump" coverage="50%" />
              </conditions>
            </line>
            <line number="85" hits="0" branch="False" />
            <line number="86" hits="0" branch="True" condition-coverage="0% (0/2)">
              <conditions>
                <condition number="226" type="jump" coverage="0%" />
              </conditions>
            </line>
            <line number="87" hits="0" branch="False" />
            <line number="88" hits="0" branch="False" />
            <line number="90" hits="49" branch="False" />
            <line number="91" hits="49" branch="False" />
            <line number="92" hits="49" branch="False" />
            <line number="96" hits="16" branch="True" condition-coverage="50% (1/2)">
              <conditions>
                <condition number="292" type="jump" coverage="50%" />
              </conditions>
            </line>
            <line number="97" hits="18" branch="True" condition-coverage="100% (4/4)">
              <conditions>
                <condition number="314" type="jump" coverage="100%" />
                <condition number="327" type="jump" coverage="100%" />
              </conditions>
            </line>
            <line number="98" hits="14" branch="True" condition-coverage="100% (2/2)">
              <conditions>
                <condition number="349" type="jump" coverage="100%" />
              </conditions>
            </line>
            <line number="99" hits="12" branch="False" />
            <line number="101" hits="2" branch="False" />
            <line number="102" hits="14" branch="False" />
            <line number="104" hits="22" branch="True" condition-coverage="75% (3/4)">
              <conditions>
                <condition number="406" type="jump" coverage="100%" />
                <condition number="429" type="jump" coverage="50%" />
              </conditions>
            </line>
            <line number="105" hits="22" branch="False" />
            <line number="106" hits="22" branch="False" />
            <line number="109" hits="2" branch="False" />
            <line number="116" hits="5" branch="False" />
            <line number="121" hits="61" branch="False" />
            <line number="122" hits="222" branch="True" condition-coverage="100% (2/2)">
              <conditions>
                <condition number="172" type="jump" coverage="100%" />
              </conditions>
            </line>
            <line number="123" hits="169" branch="False" />
            <line number="124" hits="169" branch="False" />
            <line number="125" hits="169" branch="True" condition-coverage="50% (1/2)">
              <conditions>
                <condition number="31" type="jump" coverage="50%" />
              </conditions>
            </line>
            <line number="126" hits="0" branch="False" />
            <line number="127" hits="0" branch="False" />
            <line number="128" hits="0" branch="False" />
            <line number="129" hits="0" branch="False" />
            <line number="131" hits="177" branch="True" condition-coverage="100% (2/2)">
              <conditions>
                <condition number="77" type="jump" coverage="100%" />
              </conditions>
            </line>
            <line number="132" hits="161" branch="False" />
            <line number="133" hits="161" branch="False" />
            <line number="135" hits="161" branch="False" />
            <line number="136" hits="161" branch="False" />
            <line number="137" hits="161" branch="False" />
            <line number="138" hits="0" branch="False" />
            <line number="139" hits="0" branch="False" />
            <line number="140" hits="0" branch="False" />
            <line number="141" hits="0" branch="False" />
            <line number="142" hits="161" branch="False" />
            <line number="143" hits="61" branch="False" />
            <line number="146" hits="0" branch="False" />
            <line number="147" hits="0" branch="True" condition-coverage="0% (0/2)">
              <conditions>
                <condition number="17" type="jump" coverage="0%" />
              </conditions>
            </line>
            <line number="148" hits="0" branch="False" />
            <line number="149" hits="0" branch="False" />
[...]
            <line number="104" hits="7" branch="False" />
          </lines>
        </class>
        <class name="Codec.Translator" filename="Translator.cs" line-rate="0.8887999999999999" branch-rate="0.6071" complexity="32">
          <methods>
            <method name="get_FromId" signature="()" line-rate="0" branch-rate="1" complexity="1">
              <lines>
                <line number="46" hits="0" branch="False" />
              </lines>
            </method>
            <method name="get_ToId" signature="()" line-rate="0" branch-rate="1" complexity="1">
              <lines>
                <line number="47" hits="0" branch="False" />
              </lines>
            </method>
            <method name="Translate" signature="(System.Collections.Generic.IReadOnlyList`1&lt;System.Int32&gt;,System.Boolean)" line-rate="1" branch-rate="0.75" complexity="8">
              <lines>
                <line number="74" hits="3" branch="False" />
                <line number="75" hits="3" branch="True" condition-coverage="50% (1/2)">
                  <conditions>
                    <condition number="7" type="jump" coverage="50%" />
                  </conditions>
                </line>
                <line number="79" hits="3" branch="False" />
                <line number="80" hits="4" branch="True" condition-coverage="100% (2/2)">
                  <conditions>
                    <condition number="65" type="jump" coverage="100%" />
                  </conditions>
                </line>
                <line number="82" hits="3" branch="True" condition-coverage="100% (2/2)">
                  <conditions>
                    <condition number="88" type="jump" coverage="100%" />
                  </conditions>
                </line>
                <line number="83" hits="2" branch="False" />
                <line number="84" hits="2" branch="False" />
                <line number="85" hits="2" branch="False" />
                <line number="86" hits="2" branch="False" />
                <line number="93" hits="1" branch="False" />
                <line number="94" hits="1" branch="True" condition-coverage="50% (1/2)">
                  <conditions>
                    <condition number="156" type="jump" coverage="50%" />
                  </conditions>
                </line>
                <line number="96" hits="1" branch="False" />
                <line number="97" hits="1" branch="False" />
                <line number="98" hits="1" branch="False" />
                <line number="99" hits="3" branch="False" />
              </lines>
            </method>
            <method name="Finish" signature="()" line-rate="1" branch-rate="1" complexity="1">
              <lines>
                <line number="104" hits="1" branch="False" />
              </lines>
            </method>
            <method name="Reset" signature="()" line-rate="1" branch-rate="1" complexity="1">
              <lines>
                <line number="108" hits="1" branch="False" />
                <line number="109" hits="1" branch="False" />
                <line number="110" hits="1" branch="False" />
                <line number="111" hits="1" branch="False" />
              </lines>
            </method>
            <method name="IsWhitespaceCp" signature="(System.Int32)" line-rate="0.8332999999999999" branch-rate="0.5832999999999999" complexity="12">
              <lines>
                <line number="115" hits="1" branch="True" condition-coverage="58.33% (7/12)">
                  <conditions>
                    <condition number="7" type="jump" coverage="50%" />
                    <condition number="14" type="jump" coverage="100%" />
                    <condition number="31" type="jump" coverage="50%" />
                    <condition number="43" type="jump" coverage="50%" />
                    <condition number="21" type="jump" coverage="50%" />
                    <condition number="53" type="jump" coverage="50%" />
                  </conditions>
                </line>
                <line number="116" hits="1" branch="False" />
                <line number="117" hits="1" branch="False" />
                <line number="118" hits="1" branch="False" />
                <line number="119" hits="0" branch="False" />
                <line number="120" hits="1" branch="False" />
              </lines>
            </method>
            <method name="FindLastSafeBoundary" signature="(System.Text.StringBuilder)" line-rate="0.7142000000000001" branch-rate="0.5" complexity="4">
              <lines>
                <line number="123" hits="1" branch="False" />
                <line number="124" hits="2" branch="True" condition-coverage="50% (1/2)">
                  <conditions>
                    <condition number="49" type="jump" coverage="50%" />
                  </conditions>
                </line>
                <line number="125" hits="1" branch="False" />
                <line number="126" hits="2" branch="True" condition-coverage="50% (1/2)">
                  <conditions>
                    <condition number="27" type="jump" coverage="50%" />
                  </conditions>
                </line>
                <line number="127" hits="0" branch="False" />
                <line number="128" hits="0" branch="False" />
                <line number="129" hits="1" branch="False" />
              </lines>
            </method>
            <method name=".ctor" signature="(Codec.TokenizerMap,Codec.TokenizerMap)" line-rate="1" branch-rate="0.5" complexity="4">
              <lines>
                <line number="51" hits="2" branch="False" />
                <line number="53" hits="2" branch="False" />
                <line number="54" hits="2" branch="False" />
                <line number="55" hits="2" branch="True" condition-coverage="50% (1/2)">
                  <conditions>
                    <condition number="25" type="jump" coverage="50%" />
                  </conditions>
                </line>
                <line number="56" hits="2" branch="True" condition-coverage="50% (1/2)">
                  <conditions>
                    <condition number="44" type="jump" coverage="50%" />
                  </conditions>
                </line>
                <line number="58" hits="2" branch="False" />
                <line number="59" hits="2" branch="False" />
                <line number="60" hits="2" branch="False" />
                <line number="61" hits="2" branch="False" />
                <line number="62" hits="2" branch="False" />
              </lines>
            </method>
          </methods>
          <lines>
            <line number="46" hits="0" branch="False" />
            <line number="47" hits="0" branch="False" />
            <line number="74" hits="3" branch="False" />
            <line number="75" hits="3" branch="True" condition-coverage="50% (1/2)">
              <conditions>
                <condition number="7" type="jump" coverage="50%" />
              </conditions>
            </line>
            <line number="79" hits="3" branch="False" />
            <line number="80" hits="4" branch="True" condition-coverage="100% (2/2)">
              <conditions>
                <condition number="65" type="jump" coverage="100%" />
              </conditions>
            </line>
            <line number="82" hits="3" branch="True" condition-coverage="100% (2/2)">
              <conditions>
                <condition number="88" type="jump" coverage="100%" />
              </conditions>
            </line>
            <line number="83" hits="2" branch="False" />
            <line number="84" hits="2" branch="False" />
            <line number="85" hits="2" branch="False" />
            <line number="86" hits="2" branch="False" />
            <line number="93" hits="1" branch="False" />
            <line number="94" hits="1" branch="True" condition-coverage="50% (1/2)">
              <conditions>
                <condition number="156" type="jump" coverage="50%" />
              </conditions>
            </line>
            <line number="96" hits="1" branch="False" />
            <line number="97" hits="1" branch="False" />
            <line number="98" hits="1" branch="False" />
            <line number="99" hits="3" branch="False" />
            <line number="104" hits="1" branch="False" />
            <line number="108" hits="1" branch="False" />
            <line number="109" hits="1" branch="False" />
            <line number="110" hits="1" branch="False" />
            <line number="111" hits="1" branch="False" />
            <line number="115" hits="1" branch="True" condition-coverage="58.33% (7/12)">
              <conditions>
                <condition number="7" type="jump" coverage="50%" />
                <condition number="14" type="jump" coverage="100%" />
                <condition number="31" type="jump" coverage="50%" />
                <condition number="43" type="jump" coverage="50%" />
                <condition number="21" type="jump" coverage="50%" />
                <condition number="53" type="jump" coverage="50%" />
              </conditions>
            </line>
            <line number="116" hits="1" branch="False" />
            <line number="117" hits="1" branch="False" />
            <line number="118" hits="1" branch="False" />
            <line number="119" hits="0" branch="False" />
            <line number="120" hits="1" branch="False" />
            <line number="123" hits="1" branch="False" />
            <line number="124" hits="2" branch="True" condition-coverage="50% (1/2)">
              <conditions>
                <condition number="49" type="jump" coverage="50%" />
              </conditions>
            </line>
            <line number="125" hits="1" branch="False" />
            <line number="126" hits="2" branch="True" condition-coverage="50% (1/2)">
              <conditions>
                <condition number="27" type="jump" coverage="50%" />
              </conditions>
            </line>
            <line number="127" hits="0" branch="False" />
            <line number="128" hits="0" branch="False" />
            <line number="129" hits="1" branch="False" />
            <line number="51" hits="2" branch="False" />
            <line number="53" hits="2" branch="False" />
            <line number="54" hits="2" branch="False" />
            <line number="55" hits="2" branch="True" condition-coverage="50% (1/2)">
              <conditions>
                <condition number="25" type="jump" coverage="50%" />
              </conditions>
            </line>
            <line number="56" hits="2" branch="True" condition-coverage="50% (1/2)">
              <conditions>
                <condition number="44" type="jump" coverage="50%" />
              </conditions>
            </line>
            <line number="58" hits="2" branch="False" />
            <line number="59" hits="2" branch="False" />
            <line number="60" hits="2" branch="False" />
            <line number="61" hits="2" branch="False" />
            <line number="62" hits="2" branch="False" />
          </lines>
        </class>
        <class name="Codec.TranslatorExtensions" filename="Translator.cs" line-rate="0" branch-rate="0" complexity="25">
          <methods>
            <method name="Translate" signature="(Codec.TokenizerMap,Codec.TokenizerMap,System.Collections.Generic.IReadOnlyList`1&lt;System.Int32&gt;)" line-rate="0" branch-rate="1" complexity="1">
              <lines>
                <line number="136" hits="0" branch="False" />
              </lines>
            </method>
            <method name="StaticTranslationTable" signature="(Codec.TokenizerMap,Codec.TokenizerMap)" line-rate="0" branch-rate="0" complexity="24">
              <lines>
                <line number="151" hits="0" branch="False" />
                <line number="152" hits="0" branch="False" />
                <line number="153" hits="0" branch="False" />
                <line number="154" hits="0" branch="False" />
                <line number="156" hits="0" branch="False" />
                <line number="157" hits="0" branch="True" condition-coverage="0% (0/2)">
                  <conditions>
                    <condition number="43" type="jump" coverage="0%" />
                  </conditions>
                </line>
                <line number="158" hits="0" branch="True" condition-coverage="0% (0/2)">
                  <conditions>
                    <condition number="91" type="jump" coverage="0%" />
                  </conditions>
                </line>
                <line number="161" hits="0" branch="True" condition-coverage="0% (0/2)">
                  <conditions>
                    <condition number="126" type="jump" coverage="0%" />
                  </conditions>
                </line>
                <line number="162" hits="0" branch="False" />
                <line number="163" hits="0" branch="True" condition-coverage="0% (0/2)">
                  <conditions>
                    <condition number="269" type="jump" coverage="0%" />
                  </conditions>
                </line>
                <line number="164" hits="0" branch="False" />
                <line number="165" hits="0" branch="True" condition-coverage="0% (0/2)">
                  <conditions>
                    <condition number="186" type="jump" coverage="0%" />
                  </conditions>
                </line>
                <line number="166" hits="0" branch="False" />
                <line number="167" hits="0" branch="True" condition-coverage="0% (0/2)">
                  <conditions>
                    <condition number="233" type="jump" coverage="0%" />
                  </conditions>
                </line>
                <line number="168" hits="0" branch="False" />
                <line number="169" hits="0" branch="False" />
                <line number="170" hits="0" branch="False" />
                <line number="171" hits="0" branch="False" />
                <line number="174" hits="0" branch="True" condition-coverage="0% (0/2)">
                  <conditions>
                    <condition number="305" type="jump" coverage="0%" />
                  </conditions>
                </line>
                <line number="175" hits="0" branch="False" />
                <line number="176" hits="0" branch="True" condition-coverage="0% (0/2)">
                  <conditions>
                    <condition number="484" type="jump" coverage="0%" />
                  </conditions>
                </line>
                <line number="177" hits="0" branch="False" />
                <line number="178" hits="0" branch="True" condition-coverage="0% (0/2)">
                  <conditions>
                    <condition number="372" type="jump" coverage="0%" />
                  </conditions>
                </line>
                <line number="179" hits="0" branch="True" condition-coverage="0% (0/4)">
                  <conditions>
                    <condition number="384" type="jump" coverage="0%" />
                    <condition number="401" type="jump" coverage="0%" />
                  </conditions>
                </line>
                <line number="180" hits="0" branch="False" />
                <line number="181" hits="0" branch="True" condition-coverage="0% (0/2)">
                  <conditions>
                    <condition number="448" type="jump" coverage="0%" />
                  </conditions>
                </line>
                <line number="182" hits="0" branch="False" />
                <line number="183" hits="0" branch="False" />
                <line number="184" hits="0" branch="False" />
                <line number="185" hits="0" branch="False" />
                <line number="187" hits="0" branch="False" />
                <line number="188" hits="0" branch="False" />
              </lines>
            </method>
          </methods>
          <lines>
            <line number="136" hits="0" branch="False" />
            <line number="151" hits="0" branch="False" />
            <line number="152" hits="0" branch="False" />
            <line number="153" hits="0" branch="False" />
            <line number="154" hits="0" branch="False" />
            <line number="156" hits="0" branch="False" />
            <line number="157" hits="0" branch="True" condition-coverage="0% (0/2)">
              <conditions>
                <condition number="43" type="jump" coverage="0%" />
              </conditions>
            </line>
            <line number="158" hits="0" branch="True" condition-coverage="0% (0/2)">
              <conditions>
                <condition number="91" type="jump" coverage="0%" />
              </conditions>
            </line>
            <line number="161" hits="0" branch="True" condition-coverage="0% (0/2)">
              <conditions>
                <condition number="126" type="jump" coverage="0%" />
              </conditions>
            </line>
            <line number="162" hits="0" branch="False" />
            <line number="163" hits="0" branch="True" condition-coverage="0% (0/2)">
              <conditions>
                <condition number="269" type="jump" coverage="0%" />
              </conditions>
            </line>
            <line number="164" hits="0" branch="False" />
            <line number="165" hits="0" branch="True" condition-coverage="0% (0/2)">
              <conditions>
                <condition number="186" type="jump" coverage="0%" />
              </conditions>
            </line>
            <line number="166" hits="0" branch="False" />
            <line number="167" hits="0" branch="True" condition-coverage="0% (0/2)">
              <conditions>
                <condition number="233" type="jump" coverage="0%" />
              </conditions>
            </line>
            <line number="168" hits="0" branch="False" />
            <line number="169" hits="0" branch="False" />
            <line number="170" hits="0" branch="False" />
            <line number="171" hits="0" branch="False" />
            <line number="174" hits="0" branch="True" condition-coverage="0% (0/2)">
              <conditions>
                <condition number="305" type="jump" coverage="0%" />
              </conditions>
            </line>
            <line number="175" hits="0" branch="False" />
            <line number="176" hits="0" branch="True" condition-coverage="0% (0/2)">
              <conditions>
                <condition number="484" type="jump" coverage="0%" />
              </conditions>
            </line>
            <line number="177" hits="0" branch="False" />
            <line number="178" hits="0" branch="True" condition-coverage="0% (0/2)">
              <conditions>
                <condition number="372" type="jump" coverage="0%" />
              </conditions>
            </line>
            <line number="179" hits="0" branch="True" condition-coverage="0% (0/4)">
              <conditions>
                <condition number="384" type="jump" coverage="0%" />
                <condition number="401" type="jump" coverage="0%" />
              </conditions>
            </line>
            <line number="180" hits="0" branch="False" />
            <line number="181" hits="0" branch="True" condition-coverage="0% (0/2)">
              <conditions>
                <condition number="448" type="jump" coverage="0%" />
              </conditions>
            </line>
            <line number="182" hits="0" branch="False" />
            <line number="183" hits="0" branch="False" />
            <line number="184" hits="0" branch="False" />
            <line number="185" hits="0" branch="False" />
            <line number="187" hits="0" branch="False" />
            <line number="188" hits="0" branch="False" />
          </lines>
        </class>
      </classes>
    </package>
  </packages>
</coverage>